[debug] [2026-01-12T08:58:59.875Z] ----------------------------------------------------------------------
[debug] [2026-01-12T08:58:59.878Z] Command:       /nix/store/6ljnnmh7di4dyalyhb08jk6zvh05pk79-nodejs-20.19.5/bin/node /home/user/.global_modules/bin/firebase init functions
[debug] [2026-01-12T08:58:59.878Z] CLI Version:   15.2.1
[debug] [2026-01-12T08:58:59.879Z] Platform:      linux
[debug] [2026-01-12T08:58:59.879Z] Node Version:  v20.19.5
[debug] [2026-01-12T08:58:59.879Z] Time:          Mon Jan 12 2026 08:58:59 GMT+0000 (Coordinated Universal Time)
[debug] [2026-01-12T08:58:59.879Z] ----------------------------------------------------------------------
[debug] 
[debug] [2026-01-12T08:59:00.957Z] Checked if tokens are valid: true, expires at: 1768211912670
[debug] [2026-01-12T08:59:00.957Z] Checked if tokens are valid: true, expires at: 1768211912670
[debug] [2026-01-12T08:59:00.960Z] >>> [apiv2][query] GET https://monospace-pa.googleapis.com/v1/workspaces/pos-app-91717833 [none]
[debug] [2026-01-12T08:59:01.919Z] <<< [apiv2][status] GET https://monospace-pa.googleapis.com/v1/workspaces/pos-app-91717833 200
[debug] [2026-01-12T08:59:01.919Z] <<< [apiv2][body] GET https://monospace-pa.googleapis.com/v1/workspaces/pos-app-91717833 {"workspaceId":"pos-app-91717833","name":"POS App","workspaceRedirectUrl":"firebase-pos-app-1767708895237.cluster-bg6uurscprhn6qxr6xwtrhvkf6.cloudworkstations.dev","status":"WORKSPACE_STATUS_RUNNING","lastAccessDatetime":"2026-01-12T06:30:14.637594Z","workspaceTemplate":"WORKSPACE_TEMPLATE_FLUTTER","owner":"SELF","serviceAccountEmail":"msp-1093350999001435185@monospace-per-ws-sa-9.iam.gserviceaccount.com","enableNix":true,"ownerEmail":"Keota.mar@gmail.com","workspaceImageUrl":"https://www.gstatic.com/monospace/231115/logo_react.svg","templateArgs":"{\"openIn\":\"go\"}","templateRepoUrl":"github:monogramdesign/idx-react-native","workstationAccessToken":"eyJhbGciOiJSUzI1NiIsInR5cCI6IkpXVCJ9.eyJpc3MiOiJodHRwczovL2Nsb3VkLmdvb2dsZS5jb20vd29ya3N0YXRpb25zIiwiYXVkIjoiZmlyZWJhc2UtcG9zLWFwcC0xNzY3NzA4ODk1MjM3LmNsdXN0ZXItYmc2dXVyc2NwcmhuNnF4cjZ4d3RyaHZrZjYuY2xvdWR3b3Jrc3RhdGlvbnMuZGV2IiwiaWF0IjoxNzY4MjA4MzQxLCJleHAiOjE3NjgyOTQ3NDF9.IyNk75TPHXOzBoiHhqSgmqtjT4Ls0JFPi_He3dNx7R1UrXXlEun1XOyqh0VahNz3LtKm4afFd8bfmIIKD70ISk_pW8r9ENdKqTRjKR7q8jtPn9QQT_UiSuVCD6b6nDfZnkdIIiDOwk__B3C6NMDJvzXO4FyRduBGTCmYft4J0_1GtzDClO3usRbO_qzXE8tc9SatSe6gPKuxt5G4_JodynDpN4B1g9CrzeGoQJsp1Y_zHcV5Z9lqNfcOq126Jq_sO54lC86fhy2EilIq1vU2Ze2W8Q5OO0ZqFK9AOwM-UvAmAYgpCjSlr-BqqQUjsYvwNmkJ4STnjX_bNFQdotEolw"}
[info] 
     ######## #### ########  ######## ########     ###     ######  ########
     ##        ##  ##     ## ##       ##     ##  ##   ##  ##       ##
     ######    ##  ########  ######   ########  #########  ######  ######
     ##        ##  ##    ##  ##       ##     ## ##     ##       ## ##
     ##       #### ##     ## ######## ########  ##     ##  ######  ########

You're about to initialize a Firebase project in this directory:

  /home/user/pos-app

Before we get started, keep in mind:

  * You are initializing within an existing Firebase project directory

[info] 
=== Project Setup
[info] 
[info] First, let's associate this project directory with a Firebase project.
[info] You can create multiple project aliases by running firebase use --add, 
[info] 
[debug] [2026-01-12T09:00:24.250Z] > command requires scopes: ["email","openid","https://www.googleapis.com/auth/cloudplatformprojects.readonly","https://www.googleapis.com/auth/firebase","https://www.googleapis.com/auth/cloud-platform","https://www.googleapis.com/auth/userinfo.email"]
[debug] [2026-01-12T09:00:24.251Z] > authorizing via signed-in user (keota.mar@gmail.com)
[debug] [2026-01-12T09:00:24.251Z] Checked if tokens are valid: true, expires at: 1768211912670
[debug] [2026-01-12T09:00:24.251Z] Checked if tokens are valid: true, expires at: 1768211912670
[debug] [2026-01-12T09:00:24.252Z] >>> [apiv2][query] GET https://firebase.googleapis.com/v1beta1/projects pageSize=100
[debug] [2026-01-12T09:00:24.741Z] <<< [apiv2][status] GET https://firebase.googleapis.com/v1beta1/projects 200
[debug] [2026-01-12T09:00:24.741Z] <<< [apiv2][body] GET https://firebase.googleapis.com/v1beta1/projects [omitted]
[info] 
=== Functions Setup
[debug] [2026-01-12T09:03:09.090Z] > command requires scopes: ["email","openid","https://www.googleapis.com/auth/cloudplatformprojects.readonly","https://www.googleapis.com/auth/firebase","https://www.googleapis.com/auth/cloud-platform","https://www.googleapis.com/auth/userinfo.email"]
[debug] [2026-01-12T09:03:09.090Z] > authorizing via signed-in user (keota.mar@gmail.com)
[debug] [2026-01-12T09:03:09.090Z] [iam] checking project studio-7834307833-10afa for permissions ["firebase.projects.get"]
[debug] [2026-01-12T09:03:09.091Z] Checked if tokens are valid: true, expires at: 1768211912670
[debug] [2026-01-12T09:03:09.091Z] Checked if tokens are valid: true, expires at: 1768211912670
[debug] [2026-01-12T09:03:09.091Z] >>> [apiv2][query] POST https://cloudresourcemanager.googleapis.com/v1/projects/studio-7834307833-10afa:testIamPermissions [none]
[debug] [2026-01-12T09:03:09.091Z] >>> [apiv2][(partial)header] POST https://cloudresourcemanager.googleapis.com/v1/projects/studio-7834307833-10afa:testIamPermissions x-goog-quota-user=projects/studio-7834307833-10afa
[debug] [2026-01-12T09:03:09.091Z] >>> [apiv2][body] POST https://cloudresourcemanager.googleapis.com/v1/projects/studio-7834307833-10afa:testIamPermissions {"permissions":["firebase.projects.get"]}
[debug] [2026-01-12T09:03:09.839Z] <<< [apiv2][status] POST https://cloudresourcemanager.googleapis.com/v1/projects/studio-7834307833-10afa:testIamPermissions 200
[debug] [2026-01-12T09:03:09.839Z] <<< [apiv2][body] POST https://cloudresourcemanager.googleapis.com/v1/projects/studio-7834307833-10afa:testIamPermissions {"permissions":["firebase.projects.get"]}
[debug] [2026-01-12T09:03:09.840Z] Checked if tokens are valid: true, expires at: 1768211912670
[debug] [2026-01-12T09:03:09.840Z] Checked if tokens are valid: true, expires at: 1768211912670
[debug] [2026-01-12T09:03:09.840Z] Checked if tokens are valid: true, expires at: 1768211912670
[debug] [2026-01-12T09:03:09.841Z] Checked if tokens are valid: true, expires at: 1768211912670
[debug] [2026-01-12T09:03:09.841Z] >>> [apiv2][query] GET https://serviceusage.googleapis.com/v1/projects/studio-7834307833-10afa/services/cloudfunctions.googleapis.com [none]
[debug] [2026-01-12T09:03:09.841Z] >>> [apiv2][(partial)header] GET https://serviceusage.googleapis.com/v1/projects/studio-7834307833-10afa/services/cloudfunctions.googleapis.com x-goog-quota-user=projects/studio-7834307833-10afa
[debug] [2026-01-12T09:03:09.842Z] >>> [apiv2][query] GET https://serviceusage.googleapis.com/v1/projects/studio-7834307833-10afa/services/runtimeconfig.googleapis.com [none]
[debug] [2026-01-12T09:03:09.842Z] >>> [apiv2][(partial)header] GET https://serviceusage.googleapis.com/v1/projects/studio-7834307833-10afa/services/runtimeconfig.googleapis.com x-goog-quota-user=projects/studio-7834307833-10afa
[debug] [2026-01-12T09:03:10.905Z] <<< [apiv2][status] GET https://serviceusage.googleapis.com/v1/projects/studio-7834307833-10afa/services/runtimeconfig.googleapis.com 200
[debug] [2026-01-12T09:03:10.905Z] <<< [apiv2][body] GET https://serviceusage.googleapis.com/v1/projects/studio-7834307833-10afa/services/runtimeconfig.googleapis.com [omitted]
[debug] [2026-01-12T09:03:10.911Z] <<< [apiv2][status] GET https://serviceusage.googleapis.com/v1/projects/studio-7834307833-10afa/services/cloudfunctions.googleapis.com 200
[debug] [2026-01-12T09:03:10.911Z] <<< [apiv2][body] GET https://serviceusage.googleapis.com/v1/projects/studio-7834307833-10afa/services/cloudfunctions.googleapis.com [omitted]
[debug] [2026-01-12T09:03:10.912Z] Checked if tokens are valid: true, expires at: 1768211912670
[debug] [2026-01-12T09:03:10.912Z] Checked if tokens are valid: true, expires at: 1768211912670
[debug] [2026-01-12T09:03:10.913Z] >>> [apiv2][query] POST https://serviceusage.googleapis.com/v1/projects/studio-7834307833-10afa/services/cloudfunctions.googleapis.com:enable [none]
[debug] [2026-01-12T09:03:10.913Z] >>> [apiv2][(partial)header] POST https://serviceusage.googleapis.com/v1/projects/studio-7834307833-10afa/services/cloudfunctions.googleapis.com:enable x-goog-quota-user=projects/studio-7834307833-10afa
[debug] [2026-01-12T09:03:12.056Z] <<< [apiv2][status] POST https://serviceusage.googleapis.com/v1/projects/studio-7834307833-10afa/services/cloudfunctions.googleapis.com:enable 200
[debug] [2026-01-12T09:03:12.057Z] <<< [apiv2][body] POST https://serviceusage.googleapis.com/v1/projects/studio-7834307833-10afa/services/cloudfunctions.googleapis.com:enable [omitted]
[info] Let's create a new codebase for your functions.
[info] A directory corresponding to the codebase will be created in your project
[info] with sample code pre-configured.

[info] See https://firebase.google.com/docs/functions/organize-functions for
[info] more information on organizing your functions using codebases.

[info] Functions can be deployed with firebase deploy.

[info] ✔  Wrote functions/package.json 
[info] ✔  Wrote functions/tsconfig.json 
[info] ✔  Wrote functions/src/index.ts 
[info] ✔  Wrote functions/.gitignore 
